Using pre-set license
Built from '2021.2/staging' branch; Version is '2021.2.7f1 (6bd9e232123f) revision 7068130'; Using compiler version '192829333'; Build Type 'Release'
OS: 'Windows 10  (10.0.19043) 64bit Core' Language: 'pl' Physical Memory: 8150 MB
BatchMode: 1, IsHumanControllingUs: 0, StartBugReporterOnCrash: 0, Is64bit: 1, IsPro: 0

COMMAND LINE ARGUMENTS:
C:\Program Files\Unity\Hub\Editor\2021.2.7f1\Editor\Unity.exe
-adb2
-batchMode
-noUpm
-name
AssetImportWorker0
-projectPath
C:/Users/admin/Documents/GitHub/DevTeamDeltaMechBrigade
-logFile
Logs/AssetImportWorker0.log
-srvPort
55295
Successfully changed project path to: C:/Users/admin/Documents/GitHub/DevTeamDeltaMechBrigade
C:/Users/admin/Documents/GitHub/DevTeamDeltaMechBrigade
[UnityMemory] Configuration Parameters - Can be set up in boot.config
    "memorysetup-bucket-allocator-granularity=16"
    "memorysetup-bucket-allocator-bucket-count=8"
    "memorysetup-bucket-allocator-block-size=33554432"
    "memorysetup-bucket-allocator-block-count=8"
    "memorysetup-main-allocator-block-size=16777216"
    "memorysetup-thread-allocator-block-size=16777216"
    "memorysetup-gfx-main-allocator-block-size=16777216"
    "memorysetup-gfx-thread-allocator-block-size=16777216"
    "memorysetup-cache-allocator-block-size=4194304"
    "memorysetup-typetree-allocator-block-size=2097152"
    "memorysetup-profiler-bucket-allocator-granularity=16"
    "memorysetup-profiler-bucket-allocator-bucket-count=8"
    "memorysetup-profiler-bucket-allocator-block-size=33554432"
    "memorysetup-profiler-bucket-allocator-block-count=8"
    "memorysetup-profiler-allocator-block-size=16777216"
    "memorysetup-profiler-editor-allocator-block-size=1048576"
    "memorysetup-temp-allocator-size-main=16777216"
    "memorysetup-job-temp-allocator-block-size=2097152"
    "memorysetup-job-temp-allocator-block-size-background=1048576"
    "memorysetup-job-temp-allocator-reduction-small-platforms=262144"
    "memorysetup-temp-allocator-size-background-worker=32768"
    "memorysetup-temp-allocator-size-job-worker=262144"
    "memorysetup-temp-allocator-size-preload-manager=33554432"
    "memorysetup-temp-allocator-size-nav-mesh-worker=65536"
    "memorysetup-temp-allocator-size-audio-worker=65536"
    "memorysetup-temp-allocator-size-cloud-worker=32768"
    "memorysetup-temp-allocator-size-gi-baking-worker=262144"
    "memorysetup-temp-allocator-size-gfx=262144"
Refreshing native plugins compatible for Editor in 43.97 ms, found 2 plugins.
Preloading 0 native plugins for Editor in 0.00 ms.
Initialize engine version: 2021.2.7f1 (6bd9e232123f)
[Subsystems] Discovering subsystems at path C:/Program Files/Unity/Hub/Editor/2021.2.7f1/Editor/Data/Resources/UnitySubsystems
[Subsystems] Discovering subsystems at path C:/Users/admin/Documents/GitHub/DevTeamDeltaMechBrigade/Assets
GfxDevice: creating device client; threaded=0; jobified=0
Direct3D:
    Version:  Direct3D 11.0 [level 11.1]
    Renderer: NVIDIA GeForce GTX 1050 Ti (ID=0x1c82)
    Vendor:   NVIDIA
    VRAM:     4018 MB
    Driver:   30.0.15.1123
Initialize mono
Mono path[0] = 'C:/Program Files/Unity/Hub/Editor/2021.2.7f1/Editor/Data/Managed'
Mono path[1] = 'C:/Program Files/Unity/Hub/Editor/2021.2.7f1/Editor/Data/MonoBleedingEdge/lib/mono/unityjit-win32'
Mono config path = 'C:/Program Files/Unity/Hub/Editor/2021.2.7f1/Editor/Data/MonoBleedingEdge/etc'
Using monoOptions --debugger-agent=transport=dt_socket,embedding=1,server=y,suspend=n,address=127.0.0.1:56720
Begin MonoManager ReloadAssembly
Registering precompiled unity dll's ...
Register platform support module: C:/Program Files/Unity/Hub/Editor/2021.2.7f1/Editor/Data/PlaybackEngines/WindowsStandaloneSupport/UnityEditor.WindowsStandalone.Extensions.dll
Registered in 0.013466 seconds.
Native extension for WindowsStandalone target not found
Refreshing native plugins compatible for Editor in 46.98 ms, found 2 plugins.
Preloading 0 native plugins for Editor in 0.00 ms.
Mono: successfully reloaded assembly
- Completed reload, in  1.575 seconds
Domain Reload Profiling:
	ReloadAssembly (1576ms)
		BeginReloadAssembly (237ms)
			ExecutionOrderSort (0ms)
			DisableScriptedObjects (0ms)
			BackupInstance (0ms)
			ReleaseScriptingObjects (0ms)
			CreateAndSetChildDomain (1ms)
		EndReloadAssembly (887ms)
			LoadAssemblies (233ms)
			RebuildTransferFunctionScriptingTraits (0ms)
			SetupTypeCache (195ms)
			ReleaseScriptCaches (0ms)
			RebuildScriptCaches (39ms)
			SetupLoadedEditorAssemblies (459ms)
				LogAssemblyErrors (0ms)
				InitializePlatformSupportModulesInManaged (23ms)
				SetLoadedEditorAssemblies (0ms)
				RefreshPlugins (47ms)
				BeforeProcessingInitializeOnLoad (3ms)
				ProcessInitializeOnLoadAttributes (251ms)
				ProcessInitializeOnLoadMethodAttributes (133ms)
				AfterProcessingInitializeOnLoad (0ms)
				EditorAssembliesLoaded (0ms)
			ExecutionOrderSort2 (0ms)
			AwakeInstancesAfterBackupRestoration (0ms)
Platform modules already initialized, skipping
Registering precompiled user dll's ...
Registered in 0.027827 seconds.
Begin MonoManager ReloadAssembly
Native extension for WindowsStandalone target not found
Refreshing native plugins compatible for Editor in 0.35 ms, found 2 plugins.
Preloading 0 native plugins for Editor in 0.00 ms.
Mono: successfully reloaded assembly
- Completed reload, in  1.233 seconds
Domain Reload Profiling:
	ReloadAssembly (1234ms)
		BeginReloadAssembly (174ms)
			ExecutionOrderSort (0ms)
			DisableScriptedObjects (8ms)
			BackupInstance (0ms)
			ReleaseScriptingObjects (0ms)
			CreateAndSetChildDomain (29ms)
		EndReloadAssembly (923ms)
			LoadAssemblies (134ms)
			RebuildTransferFunctionScriptingTraits (0ms)
			SetupTypeCache (239ms)
			ReleaseScriptCaches (1ms)
			RebuildScriptCaches (57ms)
			SetupLoadedEditorAssemblies (447ms)
				LogAssemblyErrors (0ms)
				InitializePlatformSupportModulesInManaged (17ms)
				SetLoadedEditorAssemblies (1ms)
				RefreshPlugins (0ms)
				BeforeProcessingInitializeOnLoad (74ms)
				ProcessInitializeOnLoadAttributes (301ms)
				ProcessInitializeOnLoadMethodAttributes (43ms)
				AfterProcessingInitializeOnLoad (12ms)
				EditorAssembliesLoaded (0ms)
			ExecutionOrderSort2 (0ms)
			AwakeInstancesAfterBackupRestoration (8ms)
Platform modules already initialized, skipping
========================================================================
Worker process is ready to serve import requests
Launched and connected shader compiler UnityShaderCompiler.exe after 0.13 seconds
Refreshing native plugins compatible for Editor in 0.41 ms, found 2 plugins.
Preloading 0 native plugins for Editor in 0.00 ms.
Unloading 1609 Unused Serialized files (Serialized files now loaded: 0)
Unloading 23 unused Assets / (56.8 KB). Loaded Objects now: 2074.
Memory consumption went from 70.9 MB to 70.8 MB.
Total: 3.553900 ms (FindLiveObjects: 0.410300 ms CreateObjectMapping: 0.253100 ms MarkObjects: 2.808300 ms  DeleteObjects: 0.080800 ms)

AssetImportParameters requested are different than current active one (requested -> active):
  custom:video-decoder-ogg-theora: a1e56fd34408186e4bbccfd4996cb3dc -> 
  custom:container-muxer-webm: aa71ff27fc2769a1b78a27578f13a17b -> 
  custom:container-demuxer-webm: 4f35f7cbe854078d1ac9338744f61a02 -> 
  custom:video-encoder-webm-vp8: eb34c28f22e8b96e1ab97ce403110664 -> 
  custom:video-codec-MediaFoundation-h265: 746d11721c4dcdbdad8f713fa42b33f4 -> 
  custom:audio-encoder-webm-vorbis: bf7c407c2cedff20999df2af8eb42d56 -> 
  custom:framework-win-MediaFoundation: 216162199b28c13a410421893ffa2e32 -> 
  custom:container-demuxer-ogg: 62fdf1f143b41e24485cea50d1cbac27 -> 
  custom:video-decoder-webm-vp8: 9c59270c3fd7afecdb556c50c9e8de78 -> 
  custom:audio-decoder-ogg-vorbis: bf7c407c2cedff20999df2af8eb42d56 -> 
========================================================================
Received Import Request.
  Time since last request: 2203064.498134 seconds.
  path: Assets/Bullet.cs
  artifactKey: Guid(27f94e2c9ea0c8c478533977f6080cd3) Importer(815301076,1909f56bfc062723c751e8b465ee728b)
Start importing Assets/Bullet.cs using Guid(27f94e2c9ea0c8c478533977f6080cd3) Importer(815301076,1909f56bfc062723c751e8b465ee728b)  -> (artifact id: 'f97415614f3d8d2348ab38ee8622fa34') in 0.153133 seconds 
========================================================================
Received Prepare
Registering precompiled user dll's ...
Registered in 0.006113 seconds.
Begin MonoManager ReloadAssembly
Native extension for WindowsStandalone target not found
Refreshing native plugins compatible for Editor in 0.49 ms, found 2 plugins.
Preloading 0 native plugins for Editor in 0.00 ms.
Mono: successfully reloaded assembly
- Completed reload, in  1.771 seconds
Domain Reload Profiling:
	ReloadAssembly (1772ms)
		BeginReloadAssembly (262ms)
			ExecutionOrderSort (0ms)
			DisableScriptedObjects (16ms)
			BackupInstance (0ms)
			ReleaseScriptingObjects (0ms)
			CreateAndSetChildDomain (59ms)
		EndReloadAssembly (1315ms)
			LoadAssemblies (154ms)
			RebuildTransferFunctionScriptingTraits (0ms)
			SetupTypeCache (342ms)
			ReleaseScriptCaches (1ms)
			RebuildScriptCaches (83ms)
			SetupLoadedEditorAssemblies (654ms)
				LogAssemblyErrors (0ms)
				InitializePlatformSupportModulesInManaged (23ms)
				SetLoadedEditorAssemblies (1ms)
				RefreshPlugins (1ms)
				BeforeProcessingInitializeOnLoad (100ms)
				ProcessInitializeOnLoadAttributes (439ms)
				ProcessInitializeOnLoadMethodAttributes (72ms)
				AfterProcessingInitializeOnLoad (19ms)
				EditorAssembliesLoaded (0ms)
			ExecutionOrderSort2 (0ms)
			AwakeInstancesAfterBackupRestoration (14ms)
Platform modules already initialized, skipping
Refreshing native plugins compatible for Editor in 0.41 ms, found 2 plugins.
Preloading 0 native plugins for Editor in 0.00 ms.
Unloading 1604 Unused Serialized files (Serialized files now loaded: 0)
Unloading 14 unused Assets / (31.7 KB). Loaded Objects now: 2076.
Memory consumption went from 70.8 MB to 70.8 MB.
Total: 4.649100 ms (FindLiveObjects: 0.576500 ms CreateObjectMapping: 0.380200 ms MarkObjects: 3.672100 ms  DeleteObjects: 0.018700 ms)

AssetImportParameters requested are different than current active one (requested -> active):
  custom:video-decoder-ogg-theora: a1e56fd34408186e4bbccfd4996cb3dc -> 
  custom:container-muxer-webm: aa71ff27fc2769a1b78a27578f13a17b -> 
  custom:container-demuxer-webm: 4f35f7cbe854078d1ac9338744f61a02 -> 
  custom:video-encoder-webm-vp8: eb34c28f22e8b96e1ab97ce403110664 -> 
  custom:video-codec-MediaFoundation-h265: 746d11721c4dcdbdad8f713fa42b33f4 -> 
  custom:audio-encoder-webm-vorbis: bf7c407c2cedff20999df2af8eb42d56 -> 
  custom:framework-win-MediaFoundation: 216162199b28c13a410421893ffa2e32 -> 
  custom:container-demuxer-ogg: 62fdf1f143b41e24485cea50d1cbac27 -> 
  custom:video-decoder-webm-vp8: 9c59270c3fd7afecdb556c50c9e8de78 -> 
  custom:audio-decoder-ogg-vorbis: bf7c407c2cedff20999df2af8eb42d56 -> 
========================================================================
Received Prepare
Registering precompiled user dll's ...
Registered in 0.005887 seconds.
Begin MonoManager ReloadAssembly
Native extension for WindowsStandalone target not found
Refreshing native plugins compatible for Editor in 0.63 ms, found 2 plugins.
Preloading 0 native plugins for Editor in 0.00 ms.
Mono: successfully reloaded assembly
- Completed reload, in  1.638 seconds
Domain Reload Profiling:
	ReloadAssembly (1639ms)
		BeginReloadAssembly (169ms)
			ExecutionOrderSort (0ms)
			DisableScriptedObjects (9ms)
			BackupInstance (0ms)
			ReleaseScriptingObjects (0ms)
			CreateAndSetChildDomain (36ms)
		EndReloadAssembly (1340ms)
			LoadAssemblies (107ms)
			RebuildTransferFunctionScriptingTraits (0ms)
			SetupTypeCache (375ms)
			ReleaseScriptCaches (1ms)
			RebuildScriptCaches (83ms)
			SetupLoadedEditorAssemblies (693ms)
				LogAssemblyErrors (0ms)
				InitializePlatformSupportModulesInManaged (25ms)
				SetLoadedEditorAssemblies (1ms)
				RefreshPlugins (1ms)
				BeforeProcessingInitializeOnLoad (102ms)
				ProcessInitializeOnLoadAttributes (484ms)
				ProcessInitializeOnLoadMethodAttributes (63ms)
				AfterProcessingInitializeOnLoad (18ms)
				EditorAssembliesLoaded (0ms)
			ExecutionOrderSort2 (0ms)
			AwakeInstancesAfterBackupRestoration (13ms)
Platform modules already initialized, skipping
Refreshing native plugins compatible for Editor in 0.57 ms, found 2 plugins.
Preloading 0 native plugins for Editor in 0.00 ms.
Unloading 1604 Unused Serialized files (Serialized files now loaded: 0)
Unloading 14 unused Assets / (31.7 KB). Loaded Objects now: 2078.
Memory consumption went from 70.8 MB to 70.8 MB.
Total: 3.288100 ms (FindLiveObjects: 0.303100 ms CreateObjectMapping: 0.151800 ms MarkObjects: 2.813400 ms  DeleteObjects: 0.018600 ms)

AssetImportParameters requested are different than current active one (requested -> active):
  custom:video-decoder-ogg-theora: a1e56fd34408186e4bbccfd4996cb3dc -> 
  custom:container-muxer-webm: aa71ff27fc2769a1b78a27578f13a17b -> 
  custom:container-demuxer-webm: 4f35f7cbe854078d1ac9338744f61a02 -> 
  custom:video-encoder-webm-vp8: eb34c28f22e8b96e1ab97ce403110664 -> 
  custom:video-codec-MediaFoundation-h265: 746d11721c4dcdbdad8f713fa42b33f4 -> 
  custom:audio-encoder-webm-vorbis: bf7c407c2cedff20999df2af8eb42d56 -> 
  custom:framework-win-MediaFoundation: 216162199b28c13a410421893ffa2e32 -> 
  custom:container-demuxer-ogg: 62fdf1f143b41e24485cea50d1cbac27 -> 
  custom:video-decoder-webm-vp8: 9c59270c3fd7afecdb556c50c9e8de78 -> 
  custom:audio-decoder-ogg-vorbis: bf7c407c2cedff20999df2af8eb42d56 -> 
========================================================================
Received Import Request.
  Time since last request: 116.725712 seconds.
  path: Assets/sprites
  artifactKey: Guid(f0d57bd99f092eb488038e23f15caff0) Importer(815301076,1909f56bfc062723c751e8b465ee728b)
Start importing Assets/sprites using Guid(f0d57bd99f092eb488038e23f15caff0) Importer(815301076,1909f56bfc062723c751e8b465ee728b)  -> (artifact id: 'd42bb8e4809b756242c619f2cffdf315') in 0.018988 seconds 
========================================================================
Received Import Request.
  Time since last request: 1.720484 seconds.
  path: Assets/sprites/guns
  artifactKey: Guid(1172c1b55069f704c9f061af0564fe42) Importer(815301076,1909f56bfc062723c751e8b465ee728b)
Start importing Assets/sprites/guns using Guid(1172c1b55069f704c9f061af0564fe42) Importer(815301076,1909f56bfc062723c751e8b465ee728b)  -> (artifact id: '780e7b986d4314d470726480b953ca6a') in 0.016621 seconds 
========================================================================
Received Import Request.
  Time since last request: 0.123808 seconds.
  path: Assets/sprites/guns/machine gun
  artifactKey: Guid(e2ae7055d9cbfc340a97fca61a15137c) Importer(815301076,1909f56bfc062723c751e8b465ee728b)
Start importing Assets/sprites/guns/machine gun using Guid(e2ae7055d9cbfc340a97fca61a15137c) Importer(815301076,1909f56bfc062723c751e8b465ee728b)  -> (artifact id: '1d52c6895d9749624ce30f2c7e61d3a9') in 0.014730 seconds 
========================================================================
Received Import Request.
  Time since last request: 0.006285 seconds.
  path: Assets/sprites/guns/machine gun/M=gun-1.png
  artifactKey: Guid(d47e2011ae5c7294d8d878cd1c90fe87) Importer(815301076,1909f56bfc062723c751e8b465ee728b)
Start importing Assets/sprites/guns/machine gun/M=gun-1.png using Guid(d47e2011ae5c7294d8d878cd1c90fe87) Importer(815301076,1909f56bfc062723c751e8b465ee728b)  -> (artifact id: 'bbf667729c594bae0edb884d72d6db4f') in 0.193581 seconds 
========================================================================
Received Import Request.
  Time since last request: 0.000025 seconds.
  path: Assets/sprites/guns/machine gun/M=gun-2.png
  artifactKey: Guid(5bc2f0fbe42c3de408d9335c6ddfe8e7) Importer(815301076,1909f56bfc062723c751e8b465ee728b)
Start importing Assets/sprites/guns/machine gun/M=gun-2.png using Guid(5bc2f0fbe42c3de408d9335c6ddfe8e7) Importer(815301076,1909f56bfc062723c751e8b465ee728b)  -> (artifact id: '1410c16996c02e6a0d2813ecd6d81f89') in 0.035393 seconds 
========================================================================
Received Import Request.
  Time since last request: 43.981513 seconds.
  path: Assets/sprites/enemies
  artifactKey: Guid(0c009748f19a6be408b5a820302d82ba) Importer(815301076,1909f56bfc062723c751e8b465ee728b)
Start importing Assets/sprites/enemies using Guid(0c009748f19a6be408b5a820302d82ba) Importer(815301076,1909f56bfc062723c751e8b465ee728b)  -> (artifact id: '1f4395b634c04d0dc3ff7555a6aabf3d') in 0.014270 seconds 
========================================================================
Received Import Request.
  Time since last request: 0.329604 seconds.
  path: Assets/sprites/enemies/bug-2.png
  artifactKey: Guid(e95d2ee620ce4fa4db24450497804c1a) Importer(815301076,1909f56bfc062723c751e8b465ee728b)
Start importing Assets/sprites/enemies/bug-2.png using Guid(e95d2ee620ce4fa4db24450497804c1a) Importer(815301076,1909f56bfc062723c751e8b465ee728b)  -> (artifact id: '8c077c30666e696628257d454278c123') in 0.032094 seconds 
========================================================================
Received Import Request.
  Time since last request: 0.000022 seconds.
  path: Assets/sprites/enemies/spit-bug-3.png
  artifactKey: Guid(7417fb835bec2814cbb1070d74cd6c6e) Importer(815301076,1909f56bfc062723c751e8b465ee728b)
Start importing Assets/sprites/enemies/spit-bug-3.png using Guid(7417fb835bec2814cbb1070d74cd6c6e) Importer(815301076,1909f56bfc062723c751e8b465ee728b)  -> (artifact id: '2494b7f46a336f4bb3896749e5cf4954') in 0.033699 seconds 
========================================================================
Received Import Request.
  Time since last request: 9.194621 seconds.
  path: Assets/sprites/guns/anti-tank
  artifactKey: Guid(4db60c23735aa1f49a9a88b941bf91c4) Importer(815301076,1909f56bfc062723c751e8b465ee728b)
Start importing Assets/sprites/guns/anti-tank using Guid(4db60c23735aa1f49a9a88b941bf91c4) Importer(815301076,1909f56bfc062723c751e8b465ee728b)  -> (artifact id: '071e862f25cb1c987b80193a3688ef2d') in 0.013404 seconds 
========================================================================
Received Import Request.
  Time since last request: 0.051010 seconds.
  path: Assets/sprites/guns/anti-tank/anti-tank-1.png
  artifactKey: Guid(3af9a52e2e00a434caf5b579f0ec190a) Importer(815301076,1909f56bfc062723c751e8b465ee728b)
Start importing Assets/sprites/guns/anti-tank/anti-tank-1.png using Guid(3af9a52e2e00a434caf5b579f0ec190a) Importer(815301076,1909f56bfc062723c751e8b465ee728b)  -> (artifact id: '1b76c327e268fcbdbcea43f953d6c33d') in 0.025272 seconds 
========================================================================
Received Import Request.
  Time since last request: 0.000030 seconds.
  path: Assets/sprites/guns/anti-tank/anti-tank-2.png
  artifactKey: Guid(2171eb6ede7abb04989c50cc8640ff86) Importer(815301076,1909f56bfc062723c751e8b465ee728b)
Start importing Assets/sprites/guns/anti-tank/anti-tank-2.png using Guid(2171eb6ede7abb04989c50cc8640ff86) Importer(815301076,1909f56bfc062723c751e8b465ee728b)  -> (artifact id: 'b28e022a463ee990b6363d0dfe3b41df') in 0.029169 seconds 
